\BOOKMARK [1][]{section.0.1}{1\040Introduction}{}% 1
\BOOKMARK [2][]{subsection.0.1.1}{1.1\040Problem\040Background}{section.0.1}% 2
\BOOKMARK [2][]{subsection.0.1.2}{1.2\040Restatement\040of\040the\040Problem}{section.0.1}% 3
\BOOKMARK [2][]{subsection.0.1.3}{1.3\040Our\040Work}{section.0.1}% 4
\BOOKMARK [1][]{section.0.2}{2\040Model\040Preperation}{}% 5
\BOOKMARK [2][]{subsection.0.2.1}{2.1\040Assumptions}{section.0.2}% 6
\BOOKMARK [2][]{subsection.0.2.2}{2.2\040Notations}{section.0.2}% 7
\BOOKMARK [2][]{subsection.0.2.3}{2.3\040Data\040Collection}{section.0.2}% 8
\BOOKMARK [1][]{section.0.3}{3\040Model\0401:Fungi\040Population\040Prediction\040Model}{}% 9
\BOOKMARK [2][]{subsection.0.3.1}{3.1\040Competitive\040Lotca-Voterra\040Equations}{section.0.3}% 10
\BOOKMARK [2][]{subsection.0.3.2}{3.2\040Parameter\040Estimation\040of\040LV\040Equations}{section.0.3}% 11
\BOOKMARK [3][]{subsubsection.0.3.2.1}{3.2.1\040Carrying\040Capacity:K}{subsection.0.3.2}% 12
\BOOKMARK [3][]{subsubsection.0.3.2.2}{3.2.2\040Inherent\040Per-capita\040Growth\040Rate:r}{subsection.0.3.2}% 13
\BOOKMARK [2][]{subsection.0.3.3}{3.3\040Results}{section.0.3}% 14
\BOOKMARK [2][]{subsection.0.3.4}{3.4\040Detail\0401\040about\040Model\0401}{section.0.3}% 15
\BOOKMARK [1][]{section.0.4}{4\040Model\0402:Woody\040Fibres\040Decomposition\040Model}{}% 16
\BOOKMARK [2][]{subsection.0.4.1}{4.1\040Decomposition\040Equations}{section.0.4}% 17
\BOOKMARK [2][]{subsection.0.4.2}{4.2\040Single\040Population}{section.0.4}% 18
\BOOKMARK [3][]{subsubsection.0.4.2.1}{4.2.1\040Population\040Equation}{subsection.0.4.2}% 19
\BOOKMARK [3][]{subsubsection.0.4.2.2}{4.2.2\040Results}{subsection.0.4.2}% 20
\BOOKMARK [2][]{subsection.0.4.3}{4.3\040Multi\040Population}{section.0.4}% 21
\BOOKMARK [3][]{subsubsection.0.4.3.1}{4.3.1\040Population\040Equation}{subsection.0.4.3}% 22
\BOOKMARK [3][]{subsubsection.0.4.3.2}{4.3.2\040Results}{subsection.0.4.3}% 23
